[debug] [2025-06-23T15:56:14.873Z] ----------------------------------------------------------------------
[debug] [2025-06-23T15:56:14.892Z] Command:       C:\Program Files\nodejs\node.exe C:\Users\RANJIT\AppData\Roaming\npm\node_modules\firebase-tools\lib\bin\firebase.js serve
[debug] [2025-06-23T15:56:14.892Z] CLI Version:   14.8.0
[debug] [2025-06-23T15:56:14.893Z] Platform:      win32
[debug] [2025-06-23T15:56:14.893Z] Node Version:  v22.16.0
[debug] [2025-06-23T15:56:14.897Z] Time:          Mon Jun 23 2025 21:26:14 GMT+0530 (India Standard Time)
[debug] [2025-06-23T15:56:14.898Z] ----------------------------------------------------------------------
[debug] 
[debug] [2025-06-23T15:56:15.360Z] > command requires scopes: ["email","openid","https://www.googleapis.com/auth/cloudplatformprojects.readonly","https://www.googleapis.com/auth/firebase","https://www.googleapis.com/auth/cloud-platform"]
[debug] [2025-06-23T15:56:15.361Z] > authorizing via signed-in user (subhalaxmiteleservice@gmail.com)
[debug] [2025-06-23T15:56:15.361Z] [iam] checking project subhalaxmiteleservices for permissions ["firebase.projects.get"]
[debug] [2025-06-23T15:56:15.365Z] Checked if tokens are valid: true, expires at: 1750695104404
[debug] [2025-06-23T15:56:15.365Z] Checked if tokens are valid: true, expires at: 1750695104404
[debug] [2025-06-23T15:56:15.367Z] >>> [apiv2][query] POST https://cloudresourcemanager.googleapis.com/v1/projects/subhalaxmiteleservices:testIamPermissions [none]
[debug] [2025-06-23T15:56:15.367Z] >>> [apiv2][(partial)header] POST https://cloudresourcemanager.googleapis.com/v1/projects/subhalaxmiteleservices:testIamPermissions x-goog-quota-user=projects/subhalaxmiteleservices
[debug] [2025-06-23T15:56:15.367Z] >>> [apiv2][body] POST https://cloudresourcemanager.googleapis.com/v1/projects/subhalaxmiteleservices:testIamPermissions {"permissions":["firebase.projects.get"]}
[debug] [2025-06-23T15:56:16.896Z] <<< [apiv2][status] POST https://cloudresourcemanager.googleapis.com/v1/projects/subhalaxmiteleservices:testIamPermissions 200
[debug] [2025-06-23T15:56:16.897Z] <<< [apiv2][body] POST https://cloudresourcemanager.googleapis.com/v1/projects/subhalaxmiteleservices:testIamPermissions {"permissions":["firebase.projects.get"]}
[debug] [2025-06-23T15:56:16.901Z] Checked if tokens are valid: true, expires at: 1750695104404
[debug] [2025-06-23T15:56:16.901Z] Checked if tokens are valid: true, expires at: 1750695104404
[debug] [2025-06-23T15:56:16.902Z] >>> [apiv2][query] GET https://serviceusage.googleapis.com/v1/projects/subhalaxmiteleservices/services/cloudresourcemanager.googleapis.com [none]
[debug] [2025-06-23T15:56:16.902Z] >>> [apiv2][(partial)header] GET https://serviceusage.googleapis.com/v1/projects/subhalaxmiteleservices/services/cloudresourcemanager.googleapis.com x-goog-quota-user=projects/subhalaxmiteleservices
[debug] [2025-06-23T15:56:18.838Z] <<< [apiv2][status] GET https://serviceusage.googleapis.com/v1/projects/subhalaxmiteleservices/services/cloudresourcemanager.googleapis.com 200
[debug] [2025-06-23T15:56:18.839Z] <<< [apiv2][body] GET https://serviceusage.googleapis.com/v1/projects/subhalaxmiteleservices/services/cloudresourcemanager.googleapis.com [omitted]
[debug] [2025-06-23T15:56:18.850Z] Checked if tokens are valid: true, expires at: 1750695104404
[debug] [2025-06-23T15:56:18.850Z] Checked if tokens are valid: true, expires at: 1750695104404
[debug] [2025-06-23T15:56:18.851Z] >>> [apiv2][query] GET https://cloudresourcemanager.googleapis.com/v1/projects/subhalaxmiteleservices [none]
[debug] [2025-06-23T15:56:19.204Z] <<< [apiv2][status] GET https://cloudresourcemanager.googleapis.com/v1/projects/subhalaxmiteleservices 200
[debug] [2025-06-23T15:56:19.205Z] <<< [apiv2][body] GET https://cloudresourcemanager.googleapis.com/v1/projects/subhalaxmiteleservices {"projectNumber":"440579788277","projectId":"subhalaxmiteleservices","lifecycleState":"ACTIVE","name":"subhalaxmiteleservice","labels":{"firebase":"enabled","firebase-core":"disabled"},"createTime":"2025-06-23T14:59:52.575400Z"}
[info] 
[info] === Serving from 'C:\Users\RANJIT\Desktop\Subha latest'...
[info] 
[debug] [2025-06-23T15:56:19.211Z] Checked if tokens are valid: true, expires at: 1750695104404
[debug] [2025-06-23T15:56:19.211Z] Checked if tokens are valid: true, expires at: 1750695104404
[debug] [2025-06-23T15:56:19.211Z] >>> [apiv2][query] GET https://firebasehosting.googleapis.com/v1beta1/projects/subhalaxmiteleservices/sites 
[debug] [2025-06-23T15:56:20.585Z] <<< [apiv2][status] GET https://firebasehosting.googleapis.com/v1beta1/projects/subhalaxmiteleservices/sites 200
[debug] [2025-06-23T15:56:20.585Z] <<< [apiv2][body] GET https://firebasehosting.googleapis.com/v1beta1/projects/subhalaxmiteleservices/sites {"sites":[{"name":"projects/subhalaxmiteleservices/sites/subhalaxmiteleservices","defaultUrl":"https://subhalaxmiteleservices.web.app","type":"DEFAULT_SITE"}]}
[debug] [2025-06-23T15:56:20.585Z] Checked if tokens are valid: true, expires at: 1750695104404
[debug] [2025-06-23T15:56:20.585Z] Checked if tokens are valid: true, expires at: 1750695104404
[debug] [2025-06-23T15:56:20.586Z] >>> [apiv2][query] GET https://firebase.googleapis.com/v1beta1/projects/subhalaxmiteleservices/webApps/-/config [none]
[debug] [2025-06-23T15:56:21.549Z] <<< [apiv2][status] GET https://firebase.googleapis.com/v1beta1/projects/subhalaxmiteleservices/webApps/-/config 200
[debug] [2025-06-23T15:56:21.549Z] <<< [apiv2][body] GET https://firebase.googleapis.com/v1beta1/projects/subhalaxmiteleservices/webApps/-/config {"projectId":"subhalaxmiteleservices","storageBucket":"subhalaxmiteleservices.firebasestorage.app","apiKey":"AIzaSyCpl1yH9OjhrXBG3FWWYgjaOIxZY3PpCQY","authDomain":"subhalaxmiteleservices.firebaseapp.com","messagingSenderId":"440579788277"}
[debug] [2025-06-23T15:56:21.555Z] Checked if tokens are valid: true, expires at: 1750695104404
[debug] [2025-06-23T15:56:21.555Z] Checked if tokens are valid: true, expires at: 1750695104404
[debug] [2025-06-23T15:56:21.555Z] >>> [apiv2][query] GET https://firebase.googleapis.com/v1beta1/projects/subhalaxmiteleservices [none]
[debug] [2025-06-23T15:56:22.021Z] <<< [apiv2][status] GET https://firebase.googleapis.com/v1beta1/projects/subhalaxmiteleservices 200
[debug] [2025-06-23T15:56:22.022Z] <<< [apiv2][body] GET https://firebase.googleapis.com/v1beta1/projects/subhalaxmiteleservices {"projectId":"subhalaxmiteleservices","projectNumber":"440579788277","displayName":"subhalaxmiteleservice","name":"projects/subhalaxmiteleservices","resources":{"hostingSite":"subhalaxmiteleservices"},"state":"ACTIVE","etag":"1_b7d8d1d4-6e82-4b0b-aa0d-96d5dcb2b06a"}
[info] i  hosting[subhalaxmiteleservices]: Serving hosting files from: public {"metadata":{"emulator":{"name":"hosting"},"message":"Serving hosting files from: \u001b[1mpublic\u001b[22m"}}
[info] +  hosting[subhalaxmiteleservices]: Local server: http://localhost:5000 {"metadata":{"emulator":{"name":"hosting"},"message":"Local server: \u001b[4m\u001b[1mhttp://localhost:5000\u001b[22m\u001b[24m"}}
[info] i  hosting: ::1 - - [23/Jun/2025:15:56:37 +0000] "GET / HTTP/1.1" 200 - "-" "Mozilla/5.0 (Windows NT 10.0; Win64; x64) AppleWebKit/537.36 (KHTML, like Gecko) Chrome/137.0.0.0 Safari/537.36" {"metadata":{"emulator":{"name":"hosting"},"message":"::1 - - [23/Jun/2025:15:56:37 +0000] \"GET / HTTP/1.1\" 200 - \"-\" \"Mozilla/5.0 (Windows NT 10.0; Win64; x64) AppleWebKit/537.36 (KHTML, like Gecko) Chrome/137.0.0.0 Safari/537.36\""}}
[info] i  hosting: ::1 - - [23/Jun/2025:15:56:37 +0000] "GET /assets/css/style.css HTTP/1.1" 200 - "http://localhost:5000/" "Mozilla/5.0 (Windows NT 10.0; Win64; x64) AppleWebKit/537.36 (KHTML, like Gecko) Chrome/137.0.0.0 Safari/537.36" {"metadata":{"emulator":{"name":"hosting"},"message":"::1 - - [23/Jun/2025:15:56:37 +0000] \"GET /assets/css/style.css HTTP/1.1\" 200 - \"http://localhost:5000/\" \"Mozilla/5.0 (Windows NT 10.0; Win64; x64) AppleWebKit/537.36 (KHTML, like Gecko) Chrome/137.0.0.0 Safari/537.36\""}}
[info] i  hosting: ::1 - - [23/Jun/2025:15:56:37 +0000] "GET /assets/image/logo.png HTTP/1.1" 200 114769 "http://localhost:5000/" "Mozilla/5.0 (Windows NT 10.0; Win64; x64) AppleWebKit/537.36 (KHTML, like Gecko) Chrome/137.0.0.0 Safari/537.36" {"metadata":{"emulator":{"name":"hosting"},"message":"::1 - - [23/Jun/2025:15:56:37 +0000] \"GET /assets/image/logo.png HTTP/1.1\" 200 114769 \"http://localhost:5000/\" \"Mozilla/5.0 (Windows NT 10.0; Win64; x64) AppleWebKit/537.36 (KHTML, like Gecko) Chrome/137.0.0.0 Safari/537.36\""}}
[info] i  hosting: ::1 - - [23/Jun/2025:15:56:37 +0000] "GET /assets/js/main.js HTTP/1.1" 200 - "http://localhost:5000/" "Mozilla/5.0 (Windows NT 10.0; Win64; x64) AppleWebKit/537.36 (KHTML, like Gecko) Chrome/137.0.0.0 Safari/537.36" {"metadata":{"emulator":{"name":"hosting"},"message":"::1 - - [23/Jun/2025:15:56:37 +0000] \"GET /assets/js/main.js HTTP/1.1\" 200 - \"http://localhost:5000/\" \"Mozilla/5.0 (Windows NT 10.0; Win64; x64) AppleWebKit/537.36 (KHTML, like Gecko) Chrome/137.0.0.0 Safari/537.36\""}}
[info] i  hosting: ::1 - - [23/Jun/2025:15:56:38 +0000] "GET /assets/image/favicon.ico HTTP/1.1" 200 - "http://localhost:5000/" "Mozilla/5.0 (Windows NT 10.0; Win64; x64) AppleWebKit/537.36 (KHTML, like Gecko) Chrome/137.0.0.0 Safari/537.36" {"metadata":{"emulator":{"name":"hosting"},"message":"::1 - - [23/Jun/2025:15:56:38 +0000] \"GET /assets/image/favicon.ico HTTP/1.1\" 200 - \"http://localhost:5000/\" \"Mozilla/5.0 (Windows NT 10.0; Win64; x64) AppleWebKit/537.36 (KHTML, like Gecko) Chrome/137.0.0.0 Safari/537.36\""}}
